

Started GET "/posts" for 127.0.0.1 at 2012-10-04 00:42:15 -0600
Connecting to database specified by database.yml
Processing by PostsController#index as HTML
Completed 500 Internal Server Error in 170ms

ActiveRecord::StatementInvalid (Could not find table 'posts'):
  app/controllers/posts_controller.rb:8:in `index'


  Rendered /home/username/.rvm/gems/ruby-1.9.3-p194/gems/actionpack-3.2.8/lib/action_dispatch/middleware/templates/rescues/_trace.erb (3.0ms)
  Rendered /home/username/.rvm/gems/ruby-1.9.3-p194/gems/actionpack-3.2.8/lib/action_dispatch/middleware/templates/rescues/_request_and_response.erb (3.1ms)
  Rendered /home/username/.rvm/gems/ruby-1.9.3-p194/gems/actionpack-3.2.8/lib/action_dispatch/middleware/templates/rescues/diagnostics.erb within rescues/layout (38.4ms)


Started GET "/assets/rails.png" for 127.0.0.1 at 2012-10-04 00:42:40 -0600
Served asset /rails.png - 304 Not Modified (37ms)


Started GET "/posts" for 127.0.0.1 at 2012-10-04 00:42:47 -0600
Processing by PostsController#index as HTML
Completed 500 Internal Server Error in 11ms

ActiveRecord::StatementInvalid (Could not find table 'posts'):
  app/controllers/posts_controller.rb:8:in `index'


  Rendered /home/username/.rvm/gems/ruby-1.9.3-p194/gems/actionpack-3.2.8/lib/action_dispatch/middleware/templates/rescues/_trace.erb (13.5ms)
  Rendered /home/username/.rvm/gems/ruby-1.9.3-p194/gems/actionpack-3.2.8/lib/action_dispatch/middleware/templates/rescues/_request_and_response.erb (12.1ms)
  Rendered /home/username/.rvm/gems/ruby-1.9.3-p194/gems/actionpack-3.2.8/lib/action_dispatch/middleware/templates/rescues/diagnostics.erb within rescues/layout (91.0ms)


Started GET "/posts/new" for 127.0.0.1 at 2012-10-04 00:42:52 -0600
Processing by PostsController#new as HTML
Filter chain halted as :authenticate rendered or redirected
Completed 401 Unauthorized in 4ms (ActiveRecord: 0.0ms)


Started GET "/posts/new" for 127.0.0.1 at 2012-10-04 00:43:01 -0600
Processing by PostsController#new as HTML
Completed 500 Internal Server Error in 6ms

ActiveRecord::StatementInvalid (Could not find table 'posts'):
  app/controllers/posts_controller.rb:32:in `new'
  app/controllers/posts_controller.rb:32:in `new'


  Rendered /home/username/.rvm/gems/ruby-1.9.3-p194/gems/actionpack-3.2.8/lib/action_dispatch/middleware/templates/rescues/_trace.erb (21.5ms)
  Rendered /home/username/.rvm/gems/ruby-1.9.3-p194/gems/actionpack-3.2.8/lib/action_dispatch/middleware/templates/rescues/_request_and_response.erb (194.6ms)
  Rendered /home/username/.rvm/gems/ruby-1.9.3-p194/gems/actionpack-3.2.8/lib/action_dispatch/middleware/templates/rescues/diagnostics.erb within rescues/layout (292.1ms)
Connecting to database specified by database.yml
  [1m[36m (5.5ms)[0m  [1mselect sqlite_version(*)[0m
  [1m[35m (32.5ms)[0m  CREATE TABLE "comments" ("id" INTEGER PRIMARY KEY AUTOINCREMENT NOT NULL, "post_id" integer, "body" text, "created_at" datetime NOT NULL, "updated_at" datetime NOT NULL, "com" varchar(255)) 
  [1m[36m (42.8ms)[0m  [1mCREATE TABLE "posts" ("id" INTEGER PRIMARY KEY AUTOINCREMENT NOT NULL, "title" varchar(255), "body" text, "created_at" datetime NOT NULL, "updated_at" datetime NOT NULL, "user_id" integer, "owner" varchar(255)) [0m
  [1m[35m (43.3ms)[0m  CREATE TABLE "users" ("id" INTEGER PRIMARY KEY AUTOINCREMENT NOT NULL, "username" varchar(255), "password_digest" varchar(255), "created_at" datetime NOT NULL, "updated_at" datetime NOT NULL) 
  [1m[36m (22.4ms)[0m  [1mCREATE TABLE "schema_migrations" ("version" varchar(255) NOT NULL) [0m
  [1m[35m (0.1ms)[0m  PRAGMA index_list("schema_migrations")
  [1m[36m (24.8ms)[0m  [1mCREATE UNIQUE INDEX "unique_schema_migrations" ON "schema_migrations" ("version")[0m
  [1m[35m (0.2ms)[0m  SELECT version FROM "schema_migrations"
  [1m[36m (32.4ms)[0m  [1mINSERT INTO "schema_migrations" (version) VALUES ('20120926021008')[0m
  [1m[35m (20.2ms)[0m  INSERT INTO "schema_migrations" (version) VALUES ('20120925213023')
  [1m[36m (20.6ms)[0m  [1mINSERT INTO "schema_migrations" (version) VALUES ('20120925213107')[0m
  [1m[35m (17.3ms)[0m  INSERT INTO "schema_migrations" (version) VALUES ('20120926013915')
  [1m[36m (0.3ms)[0m  [1mSELECT "schema_migrations"."version" FROM "schema_migrations" [0m


Started GET "/assets/rails.png" for 127.0.0.1 at 2012-10-04 01:15:27 -0600
Connecting to database specified by database.yml
Served asset /rails.png - 304 Not Modified (5ms)


Started GET "/posts" for 127.0.0.1 at 2012-10-04 01:15:30 -0600
Processing by PostsController#index as HTML
  [1m[36mPost Load (0.3ms)[0m  [1mSELECT "posts".* FROM "posts" [0m
  Rendered posts/index.html.erb within layouts/application (7.9ms)
Compiled comments.css  (20ms)  (pid 1953)
Compiled posts.css  (11ms)  (pid 1953)
Compiled scaffolds.css  (44ms)  (pid 1953)
Compiled application.css  (230ms)  (pid 1953)
Compiled jquery.js  (19ms)  (pid 1953)
Compiled jquery_ujs.js  (0ms)  (pid 1953)
Compiled comments.js  (856ms)  (pid 1953)
Compiled posts.js  (925ms)  (pid 1953)
Compiled application.js  (2192ms)  (pid 1953)
Completed 200 OK in 2996ms (Views: 2893.1ms | ActiveRecord: 6.4ms)


Started GET "/assets/application.css?body=1" for 127.0.0.1 at 2012-10-04 01:15:33 -0600
Served asset /application.css - 304 Not Modified (240ms)


Started GET "/assets/comments.css?body=1" for 127.0.0.1 at 2012-10-04 01:15:34 -0600
Served asset /comments.css - 304 Not Modified (31ms)


Started GET "/assets/posts.css?body=1" for 127.0.0.1 at 2012-10-04 01:15:34 -0600
Served asset /posts.css - 304 Not Modified (31ms)


Started GET "/assets/jquery.js?body=1" for 127.0.0.1 at 2012-10-04 01:15:34 -0600
Served asset /jquery.js - 304 Not Modified (75ms)


Started GET "/assets/scaffolds.css?body=1" for 127.0.0.1 at 2012-10-04 01:15:34 -0600
Served asset /scaffolds.css - 304 Not Modified (56ms)


Started GET "/assets/jquery_ujs.js?body=1" for 127.0.0.1 at 2012-10-04 01:15:34 -0600
Served asset /jquery_ujs.js - 304 Not Modified (38ms)


Started GET "/assets/comments.js?body=1" for 127.0.0.1 at 2012-10-04 01:15:34 -0600
Served asset /comments.js - 304 Not Modified (20ms)


Started GET "/assets/posts.js?body=1" for 127.0.0.1 at 2012-10-04 01:15:34 -0600
Served asset /posts.js - 304 Not Modified (17ms)


Started GET "/assets/application.js?body=1" for 127.0.0.1 at 2012-10-04 01:15:34 -0600
Served asset /application.js - 304 Not Modified (76ms)


Started GET "/posts/new" for 127.0.0.1 at 2012-10-04 01:16:17 -0600
Processing by PostsController#new as HTML
Filter chain halted as :authenticate rendered or redirected
Completed 401 Unauthorized in 3ms (ActiveRecord: 0.0ms)


Started GET "/posts/new" for 127.0.0.1 at 2012-10-04 01:16:24 -0600
Processing by PostsController#new as HTML
Filter chain halted as :authenticate rendered or redirected
Completed 401 Unauthorized in 1ms (ActiveRecord: 0.0ms)


Started GET "/posts/new" for 127.0.0.1 at 2012-10-04 01:16:29 -0600
Processing by PostsController#new as HTML
Filter chain halted as :authenticate rendered or redirected
Completed 401 Unauthorized in 1ms (ActiveRecord: 0.0ms)


Started GET "/posts/new" for 127.0.0.1 at 2012-10-04 01:16:34 -0600
Processing by PostsController#new as HTML
Filter chain halted as :authenticate rendered or redirected
Completed 401 Unauthorized in 1ms (ActiveRecord: 0.0ms)


Started GET "/posts/new" for 127.0.0.1 at 2012-10-04 01:16:43 -0600
Processing by PostsController#new as HTML
  Rendered posts/_form.html.erb (107.2ms)
  Rendered posts/new.html.erb within layouts/application (183.6ms)
Completed 200 OK in 282ms (Views: 215.4ms | ActiveRecord: 0.0ms)


Started GET "/assets/application.css?body=1" for 127.0.0.1 at 2012-10-04 01:16:43 -0600
Served asset /application.css - 304 Not Modified (4ms)


Started GET "/assets/comments.css?body=1" for 127.0.0.1 at 2012-10-04 01:16:43 -0600
Served asset /comments.css - 304 Not Modified (0ms)


Started GET "/assets/posts.css?body=1" for 127.0.0.1 at 2012-10-04 01:16:43 -0600
Served asset /posts.css - 304 Not Modified (0ms)


Started GET "/assets/scaffolds.css?body=1" for 127.0.0.1 at 2012-10-04 01:16:43 -0600
Served asset /scaffolds.css - 304 Not Modified (0ms)


Started GET "/assets/jquery.js?body=1" for 127.0.0.1 at 2012-10-04 01:16:43 -0600
Served asset /jquery.js - 304 Not Modified (42ms)


Started GET "/assets/jquery_ujs.js?body=1" for 127.0.0.1 at 2012-10-04 01:16:44 -0600
Served asset /jquery_ujs.js - 304 Not Modified (1ms)


Started GET "/assets/comments.js?body=1" for 127.0.0.1 at 2012-10-04 01:16:44 -0600
Served asset /comments.js - 304 Not Modified (0ms)


Started GET "/assets/posts.js?body=1" for 127.0.0.1 at 2012-10-04 01:16:44 -0600
Served asset /posts.js - 304 Not Modified (0ms)


Started GET "/assets/application.js?body=1" for 127.0.0.1 at 2012-10-04 01:16:44 -0600
Served asset /application.js - 304 Not Modified (16ms)


Started POST "/posts" for 127.0.0.1 at 2012-10-04 01:20:11 -0600
Processing by PostsController#create as HTML
  Parameters: {"utf8"=>"✓", "authenticity_token"=>"A7GHO/bpLhD8khOdFcaAh9Ie2mDCSxzTnSDobpGdb4E=", "post"=>{"title"=>"ece 495", "body"=>"Hi all \r\nThis is Siqi Wang.\r\nNice to know u guys.", "owner"=>"siqi"}, "commit"=>"Create Post"}
Filter chain halted as :authenticate rendered or redirected
Completed 401 Unauthorized in 2ms (ActiveRecord: 0.0ms)


Started POST "/posts" for 127.0.0.1 at 2012-10-04 01:20:11 -0600
Processing by PostsController#create as HTML
  Parameters: {"utf8"=>"✓", "authenticity_token"=>"A7GHO/bpLhD8khOdFcaAh9Ie2mDCSxzTnSDobpGdb4E=", "post"=>{"title"=>"ece 495", "body"=>"Hi all \r\nThis is Siqi Wang.\r\nNice to know u guys.", "owner"=>"siqi"}, "commit"=>"Create Post"}
Filter chain halted as :authenticate rendered or redirected
Completed 401 Unauthorized in 1ms (ActiveRecord: 0.0ms)


Started POST "/posts" for 127.0.0.1 at 2012-10-04 01:20:16 -0600
Processing by PostsController#create as HTML
  Parameters: {"utf8"=>"✓", "authenticity_token"=>"A7GHO/bpLhD8khOdFcaAh9Ie2mDCSxzTnSDobpGdb4E=", "post"=>{"title"=>"ece 495", "body"=>"Hi all \r\nThis is Siqi Wang.\r\nNice to know u guys.", "owner"=>"siqi"}, "commit"=>"Create Post"}
  [1m[35m (0.0ms)[0m  begin transaction
  [1m[36mSQL (69.1ms)[0m  [1mINSERT INTO "posts" ("body", "created_at", "owner", "title", "updated_at", "user_id") VALUES (?, ?, ?, ?, ?, ?)[0m  [["body", "Hi all \r\nThis is Siqi Wang.\r\nNice to know u guys."], ["created_at", Thu, 04 Oct 2012 07:20:16 UTC +00:00], ["owner", "siqi"], ["title", "ece 495"], ["updated_at", Thu, 04 Oct 2012 07:20:16 UTC +00:00], ["user_id", nil]]
  [1m[35m (31.5ms)[0m  commit transaction
Redirected to http://localhost:3000/posts/1
Completed 302 Found in 196ms (ActiveRecord: 102.3ms)


Started GET "/posts/1" for 127.0.0.1 at 2012-10-04 01:20:16 -0600
Processing by PostsController#show as HTML
  Parameters: {"id"=>"1"}
  [1m[36mPost Load (0.9ms)[0m  [1mSELECT "posts".* FROM "posts" WHERE "posts"."id" = ? LIMIT 1[0m  [["id", "1"]]
  Rendered posts/_post.html.erb (161.7ms)
  [1m[35mComment Load (0.3ms)[0m  SELECT "comments".* FROM "comments" WHERE "comments"."post_id" = 1
  Rendered collection (0.0ms)
  Rendered posts/show.html.erb within layouts/application (487.7ms)
Completed 200 OK in 567ms (Views: 527.0ms | ActiveRecord: 4.7ms)


Started GET "/assets/application.css?body=1" for 127.0.0.1 at 2012-10-04 01:20:17 -0600
Served asset /application.css - 304 Not Modified (1ms)


Started GET "/assets/comments.css?body=1" for 127.0.0.1 at 2012-10-04 01:20:17 -0600
Served asset /comments.css - 304 Not Modified (0ms)


Started GET "/assets/posts.css?body=1" for 127.0.0.1 at 2012-10-04 01:20:18 -0600
Served asset /posts.css - 304 Not Modified (0ms)


Started GET "/assets/comments.js?body=1" for 127.0.0.1 at 2012-10-04 01:20:18 -0600
Served asset /comments.js - 304 Not Modified (0ms)


Started GET "/assets/jquery_ujs.js?body=1" for 127.0.0.1 at 2012-10-04 01:20:18 -0600
Served asset /jquery_ujs.js - 304 Not Modified (13ms)


Started GET "/assets/jquery.js?body=1" for 127.0.0.1 at 2012-10-04 01:20:18 -0600
Served asset /jquery.js - 304 Not Modified (23ms)


Started GET "/assets/scaffolds.css?body=1" for 127.0.0.1 at 2012-10-04 01:20:18 -0600
Served asset /scaffolds.css - 304 Not Modified (0ms)


Started GET "/assets/posts.js?body=1" for 127.0.0.1 at 2012-10-04 01:20:18 -0600
Served asset /posts.js - 304 Not Modified (0ms)


Started GET "/assets/application.js?body=1" for 127.0.0.1 at 2012-10-04 01:20:18 -0600
Served asset /application.js - 304 Not Modified (26ms)


Started POST "/posts/1/comments" for 127.0.0.1 at 2012-10-04 01:21:09 -0600
Processing by CommentsController#create as JS
  Parameters: {"utf8"=>"✓", "authenticity_token"=>"A7GHO/bpLhD8khOdFcaAh9Ie2mDCSxzTnSDobpGdb4E=", "comment"=>{"body"=>"good", "com"=>"47wang"}, "commit"=>"Add Comment", "post_id"=>"1"}
  [1m[36mPost Load (0.5ms)[0m  [1mSELECT "posts".* FROM "posts" WHERE "posts"."id" = ? LIMIT 1[0m  [["id", "1"]]
  [1m[35m (0.1ms)[0m  begin transaction
  [1m[36mSQL (1.4ms)[0m  [1mINSERT INTO "comments" ("body", "com", "created_at", "post_id", "updated_at") VALUES (?, ?, ?, ?, ?)[0m  [["body", "good"], ["com", "47wang"], ["created_at", Thu, 04 Oct 2012 07:21:09 UTC +00:00], ["post_id", 1], ["updated_at", Thu, 04 Oct 2012 07:21:09 UTC +00:00]]
  [1m[35m (21.9ms)[0m  commit transaction
  [1m[36m (0.2ms)[0m  [1mbegin transaction[0m
  [1m[35m (0.1ms)[0m  commit transaction
  Rendered comments/_comment.html.erb (2.1ms)
  Rendered comments/create.js.erb (5.4ms)
Completed 200 OK in 47ms (Views: 10.5ms | ActiveRecord: 24.2ms)


Started GET "/posts" for 127.0.0.1 at 2012-10-04 01:21:25 -0600
Processing by PostsController#index as HTML
  [1m[36mPost Load (0.7ms)[0m  [1mSELECT "posts".* FROM "posts" [0m
  Rendered posts/index.html.erb within layouts/application (2.8ms)
Completed 200 OK in 36ms (Views: 20.7ms | ActiveRecord: 0.7ms)


Started GET "/assets/application.css?body=1" for 127.0.0.1 at 2012-10-04 01:21:25 -0600
Served asset /application.css - 304 Not Modified (9ms)


Started GET "/assets/comments.css?body=1" for 127.0.0.1 at 2012-10-04 01:21:25 -0600
Served asset /comments.css - 304 Not Modified (0ms)


Started GET "/assets/posts.css?body=1" for 127.0.0.1 at 2012-10-04 01:21:25 -0600
Served asset /posts.css - 304 Not Modified (0ms)


Started GET "/assets/scaffolds.css?body=1" for 127.0.0.1 at 2012-10-04 01:21:25 -0600
Served asset /scaffolds.css - 304 Not Modified (0ms)


Started GET "/assets/jquery.js?body=1" for 127.0.0.1 at 2012-10-04 01:21:25 -0600
Served asset /jquery.js - 304 Not Modified (23ms)


Started GET "/assets/jquery_ujs.js?body=1" for 127.0.0.1 at 2012-10-04 01:21:25 -0600
Served asset /jquery_ujs.js - 304 Not Modified (11ms)


Started GET "/assets/comments.js?body=1" for 127.0.0.1 at 2012-10-04 01:21:25 -0600
Served asset /comments.js - 304 Not Modified (0ms)


Started GET "/assets/posts.js?body=1" for 127.0.0.1 at 2012-10-04 01:21:26 -0600
Served asset /posts.js - 304 Not Modified (0ms)


Started GET "/assets/application.js?body=1" for 127.0.0.1 at 2012-10-04 01:21:26 -0600
Served asset /application.js - 304 Not Modified (3ms)


Started GET "/posts/1" for 127.0.0.1 at 2012-10-04 01:21:29 -0600
Processing by PostsController#show as HTML
  Parameters: {"id"=>"1"}
  [1m[35mPost Load (0.5ms)[0m  SELECT "posts".* FROM "posts" WHERE "posts"."id" = ? LIMIT 1  [["id", "1"]]
  Rendered posts/_post.html.erb (1.6ms)
  [1m[36mComment Load (0.6ms)[0m  [1mSELECT "comments".* FROM "comments" WHERE "comments"."post_id" = 1[0m
  Rendered comments/_comment.html.erb (2.4ms)
  Rendered posts/show.html.erb within layouts/application (31.6ms)
Completed 200 OK in 65ms (Views: 61.5ms | ActiveRecord: 1.1ms)


Started GET "/assets/application.css?body=1" for 127.0.0.1 at 2012-10-04 01:21:29 -0600
Served asset /application.css - 304 Not Modified (1ms)


Started GET "/assets/jquery_ujs.js?body=1" for 127.0.0.1 at 2012-10-04 01:21:29 -0600
Served asset /jquery_ujs.js - 304 Not Modified (14ms)


Started GET "/assets/posts.css?body=1" for 127.0.0.1 at 2012-10-04 01:21:29 -0600
Served asset /posts.css - 304 Not Modified (0ms)


Started GET "/assets/comments.css?body=1" for 127.0.0.1 at 2012-10-04 01:21:29 -0600
Served asset /comments.css - 304 Not Modified (6ms)


Started GET "/assets/scaffolds.css?body=1" for 127.0.0.1 at 2012-10-04 01:21:29 -0600
Served asset /scaffolds.css - 304 Not Modified (0ms)


Started GET "/assets/jquery.js?body=1" for 127.0.0.1 at 2012-10-04 01:21:29 -0600
Served asset /jquery.js - 304 Not Modified (26ms)


Started GET "/assets/comments.js?body=1" for 127.0.0.1 at 2012-10-04 01:21:30 -0600
Served asset /comments.js - 304 Not Modified (0ms)


Started GET "/assets/posts.js?body=1" for 127.0.0.1 at 2012-10-04 01:21:30 -0600
Served asset /posts.js - 304 Not Modified (0ms)


Started GET "/assets/application.js?body=1" for 127.0.0.1 at 2012-10-04 01:21:30 -0600
Served asset /application.js - 304 Not Modified (16ms)


Started GET "/posts" for 127.0.0.1 at 2012-10-04 01:22:40 -0600
Processing by PostsController#index as HTML
  [1m[35mPost Load (0.8ms)[0m  SELECT "posts".* FROM "posts" 
  Rendered posts/index.html.erb within layouts/application (3.0ms)
Completed 200 OK in 32ms (Views: 27.0ms | ActiveRecord: 0.8ms)


Started GET "/assets/application.css?body=1" for 127.0.0.1 at 2012-10-04 01:22:40 -0600
Served asset /application.css - 304 Not Modified (9ms)


Started GET "/assets/jquery_ujs.js?body=1" for 127.0.0.1 at 2012-10-04 01:22:40 -0600
Served asset /jquery_ujs.js - 304 Not Modified (13ms)


Started GET "/assets/jquery.js?body=1" for 127.0.0.1 at 2012-10-04 01:22:40 -0600
Served asset /jquery.js - 304 Not Modified (10ms)


Started GET "/assets/scaffolds.css?body=1" for 127.0.0.1 at 2012-10-04 01:22:40 -0600
Served asset /scaffolds.css - 304 Not Modified (0ms)


Started GET "/assets/posts.css?body=1" for 127.0.0.1 at 2012-10-04 01:22:40 -0600
Served asset /posts.css - 304 Not Modified (0ms)


Started GET "/assets/comments.css?body=1" for 127.0.0.1 at 2012-10-04 01:22:40 -0600
Served asset /comments.css - 304 Not Modified (0ms)


Started GET "/assets/comments.js?body=1" for 127.0.0.1 at 2012-10-04 01:22:40 -0600
Served asset /comments.js - 304 Not Modified (0ms)


Started GET "/assets/posts.js?body=1" for 127.0.0.1 at 2012-10-04 01:22:40 -0600
Served asset /posts.js - 304 Not Modified (5ms)


Started GET "/assets/application.js?body=1" for 127.0.0.1 at 2012-10-04 01:22:40 -0600
Served asset /application.js - 304 Not Modified (11ms)


Started GET "/posts/1/edit" for 127.0.0.1 at 2012-10-04 01:23:07 -0600
Processing by PostsController#edit as HTML
  Parameters: {"id"=>"1"}
  [1m[36mPost Load (0.6ms)[0m  [1mSELECT "posts".* FROM "posts" WHERE "posts"."id" = ? LIMIT 1[0m  [["id", "1"]]
  Rendered posts/_form.html.erb (18.1ms)
  Rendered posts/edit.html.erb within layouts/application (26.5ms)
Completed 200 OK in 59ms (Views: 49.2ms | ActiveRecord: 0.6ms)


Started GET "/assets/application.css?body=1" for 127.0.0.1 at 2012-10-04 01:23:07 -0600
Served asset /application.css - 304 Not Modified (1ms)


Started GET "/assets/comments.css?body=1" for 127.0.0.1 at 2012-10-04 01:23:07 -0600
Served asset /comments.css - 304 Not Modified (0ms)


Started GET "/assets/scaffolds.css?body=1" for 127.0.0.1 at 2012-10-04 01:23:07 -0600
Served asset /scaffolds.css - 304 Not Modified (0ms)


Started GET "/assets/jquery.js?body=1" for 127.0.0.1 at 2012-10-04 01:23:07 -0600
Served asset /jquery.js - 304 Not Modified (2ms)


Started GET "/assets/comments.js?body=1" for 127.0.0.1 at 2012-10-04 01:23:07 -0600
Served asset /comments.js - 304 Not Modified (0ms)


Started GET "/assets/posts.css?body=1" for 127.0.0.1 at 2012-10-04 01:23:07 -0600
Served asset /posts.css - 304 Not Modified (0ms)


Started GET "/assets/jquery_ujs.js?body=1" for 127.0.0.1 at 2012-10-04 01:23:08 -0600
Served asset /jquery_ujs.js - 304 Not Modified (11ms)


Started GET "/assets/posts.js?body=1" for 127.0.0.1 at 2012-10-04 01:23:08 -0600
Served asset /posts.js - 304 Not Modified (0ms)


Started GET "/assets/application.js?body=1" for 127.0.0.1 at 2012-10-04 01:23:08 -0600
Served asset /application.js - 304 Not Modified (22ms)
Connecting to database specified by database.yml
  [1m[36m (5.1ms)[0m  [1mselect sqlite_version(*)[0m
  [1m[35m (38.2ms)[0m  CREATE TABLE "comments" ("id" INTEGER PRIMARY KEY AUTOINCREMENT NOT NULL, "post_id" integer, "body" text, "created_at" datetime NOT NULL, "updated_at" datetime NOT NULL, "com" varchar(255)) 
  [1m[36m (44.9ms)[0m  [1mCREATE TABLE "posts" ("id" INTEGER PRIMARY KEY AUTOINCREMENT NOT NULL, "title" varchar(255), "body" text, "created_at" datetime NOT NULL, "updated_at" datetime NOT NULL, "user_id" integer, "owner" varchar(255)) [0m
  [1m[35m (35.2ms)[0m  CREATE TABLE "users" ("id" INTEGER PRIMARY KEY AUTOINCREMENT NOT NULL, "username" varchar(255), "password_digest" varchar(255), "created_at" datetime NOT NULL, "updated_at" datetime NOT NULL) 
  [1m[36m (28.2ms)[0m  [1mCREATE TABLE "schema_migrations" ("version" varchar(255) NOT NULL) [0m
  [1m[35m (0.1ms)[0m  PRAGMA index_list("schema_migrations")
  [1m[36m (31.5ms)[0m  [1mCREATE UNIQUE INDEX "unique_schema_migrations" ON "schema_migrations" ("version")[0m
  [1m[35m (0.6ms)[0m  SELECT version FROM "schema_migrations"
  [1m[36m (32.5ms)[0m  [1mINSERT INTO "schema_migrations" (version) VALUES ('20120926021008')[0m
  [1m[35m (29.6ms)[0m  INSERT INTO "schema_migrations" (version) VALUES ('20120925213023')
  [1m[36m (19.8ms)[0m  [1mINSERT INTO "schema_migrations" (version) VALUES ('20120925213107')[0m
  [1m[35m (30.3ms)[0m  INSERT INTO "schema_migrations" (version) VALUES ('20120926013915')
  [1m[36m (0.4ms)[0m  [1mSELECT "schema_migrations"."version" FROM "schema_migrations" [0m
Connecting to database specified by database.yml
  [1m[36m (6.0ms)[0m  [1mselect sqlite_version(*)[0m
  [1m[35m (30.1ms)[0m  CREATE TABLE "comments" ("id" INTEGER PRIMARY KEY AUTOINCREMENT NOT NULL, "post_id" integer, "body" text, "created_at" datetime NOT NULL, "updated_at" datetime NOT NULL, "com" varchar(255)) 
  [1m[36m (16.2ms)[0m  [1mCREATE TABLE "posts" ("id" INTEGER PRIMARY KEY AUTOINCREMENT NOT NULL, "title" varchar(255), "body" text, "created_at" datetime NOT NULL, "updated_at" datetime NOT NULL, "user_id" integer, "owner" varchar(255)) [0m
  [1m[35m (18.8ms)[0m  CREATE TABLE "users" ("id" INTEGER PRIMARY KEY AUTOINCREMENT NOT NULL, "username" varchar(255), "password_digest" varchar(255), "created_at" datetime NOT NULL, "updated_at" datetime NOT NULL) 
  [1m[36m (17.5ms)[0m  [1mCREATE TABLE "schema_migrations" ("version" varchar(255) NOT NULL) [0m
  [1m[35m (0.1ms)[0m  PRAGMA index_list("schema_migrations")
  [1m[36m (17.6ms)[0m  [1mCREATE UNIQUE INDEX "unique_schema_migrations" ON "schema_migrations" ("version")[0m
  [1m[35m (0.3ms)[0m  SELECT version FROM "schema_migrations"
  [1m[36m (38.7ms)[0m  [1mINSERT INTO "schema_migrations" (version) VALUES ('20120926021008')[0m
  [1m[35m (14.0ms)[0m  INSERT INTO "schema_migrations" (version) VALUES ('20120925213023')
  [1m[36m (14.3ms)[0m  [1mINSERT INTO "schema_migrations" (version) VALUES ('20120925213107')[0m
  [1m[35m (15.9ms)[0m  INSERT INTO "schema_migrations" (version) VALUES ('20120926013915')
  [1m[36m (0.3ms)[0m  [1mSELECT "schema_migrations"."version" FROM "schema_migrations" [0m


Started GET "/posts" for 127.0.0.1 at 2012-10-04 01:36:21 -0600
Connecting to database specified by database.yml
Processing by PostsController#index as HTML
  [1m[36mPost Load (0.3ms)[0m  [1mSELECT "posts".* FROM "posts" [0m
  Rendered posts/index.html.erb within layouts/application (27.9ms)
Completed 200 OK in 363ms (Views: 251.0ms | ActiveRecord: 8.4ms)


Started GET "/assets/application.css?body=1" for 127.0.0.1 at 2012-10-04 01:36:23 -0600
Served asset /application.css - 304 Not Modified (22ms)


Started GET "/assets/comments.css?body=1" for 127.0.0.1 at 2012-10-04 01:36:23 -0600
Served asset /comments.css - 304 Not Modified (34ms)


Started GET "/assets/posts.css?body=1" for 127.0.0.1 at 2012-10-04 01:36:23 -0600
Served asset /posts.css - 304 Not Modified (20ms)


Started GET "/assets/scaffolds.css?body=1" for 127.0.0.1 at 2012-10-04 01:36:23 -0600
Served asset /scaffolds.css - 304 Not Modified (29ms)


Started GET "/assets/jquery.js?body=1" for 127.0.0.1 at 2012-10-04 01:36:23 -0600
Served asset /jquery.js - 304 Not Modified (418ms)


Started GET "/assets/jquery_ujs.js?body=1" for 127.0.0.1 at 2012-10-04 01:36:24 -0600
Served asset /jquery_ujs.js - 304 Not Modified (43ms)


Started GET "/assets/comments.js?body=1" for 127.0.0.1 at 2012-10-04 01:36:24 -0600
Served asset /comments.js - 304 Not Modified (25ms)


Started GET "/assets/posts.js?body=1" for 127.0.0.1 at 2012-10-04 01:36:24 -0600
Served asset /posts.js - 304 Not Modified (35ms)


Started GET "/assets/application.js?body=1" for 127.0.0.1 at 2012-10-04 01:36:24 -0600
Served asset /application.js - 304 Not Modified (107ms)


Started GET "/posts/new" for 127.0.0.1 at 2012-10-04 01:36:29 -0600
Processing by PostsController#new as HTML
Filter chain halted as :authenticate rendered or redirected
Completed 401 Unauthorized in 1ms (ActiveRecord: 0.0ms)


Started GET "/posts/new" for 127.0.0.1 at 2012-10-04 01:36:36 -0600
Processing by PostsController#new as HTML
  Rendered posts/_form.html.erb (65.9ms)
  Rendered posts/new.html.erb within layouts/application (119.8ms)
Completed 200 OK in 215ms (Views: 165.8ms | ActiveRecord: 0.0ms)


Started GET "/assets/application.css?body=1" for 127.0.0.1 at 2012-10-04 01:36:36 -0600
Served asset /application.css - 304 Not Modified (5ms)


Started GET "/assets/comments.css?body=1" for 127.0.0.1 at 2012-10-04 01:36:36 -0600
Served asset /comments.css - 304 Not Modified (0ms)


Started GET "/assets/scaffolds.css?body=1" for 127.0.0.1 at 2012-10-04 01:36:36 -0600
Served asset /scaffolds.css - 304 Not Modified (0ms)


Started GET "/assets/comments.js?body=1" for 127.0.0.1 at 2012-10-04 01:36:36 -0600
Served asset /comments.js - 304 Not Modified (0ms)


Started GET "/assets/jquery.js?body=1" for 127.0.0.1 at 2012-10-04 01:36:36 -0600
Served asset /jquery.js - 304 Not Modified (20ms)


Started GET "/assets/jquery_ujs.js?body=1" for 127.0.0.1 at 2012-10-04 01:36:36 -0600
Served asset /jquery_ujs.js - 304 Not Modified (0ms)


Started GET "/assets/posts.css?body=1" for 127.0.0.1 at 2012-10-04 01:36:36 -0600
Served asset /posts.css - 304 Not Modified (0ms)


Started GET "/assets/posts.js?body=1" for 127.0.0.1 at 2012-10-04 01:36:37 -0600
Served asset /posts.js - 304 Not Modified (0ms)


Started GET "/assets/application.js?body=1" for 127.0.0.1 at 2012-10-04 01:36:37 -0600
Served asset /application.js - 304 Not Modified (11ms)
